<?xml version="1.0" encoding="UTF-8"?>
<!-- Generated by org.testng.reporters.JUnitReportReporter -->
<testsuite skipped="0" hostname="LAPTOP-TK96QQBN" name="com.syntax.tests.OrangeHRMLeavePageTest" tests="1" failures="0" timestamp="2020-09-02T22:07:55 EDT" time="11.438" errors="0">
  <testcase name="leaveTest" time="11.438" classname="com.syntax.tests.OrangeHRMLeavePageTest"/>
  <system-out/>
</testsuite> <!-- com.syntax.tests.OrangeHRMLeavePageTest -->
