<?xml version="1.0" encoding="UTF-8"?>
<!-- Generated by org.testng.reporters.JUnitReportReporter -->
<testsuite skipped="0" hostname="LAPTOP-TK96QQBN" name="com.syntax.tests.LoginTest" tests="3" failures="0" timestamp="2020-09-01T23:45:44 EDT" time="24.070" errors="0">
  <testcase name="empty" time="8.060" classname="com.syntax.tests.LoginTest"/>
  <system-out/>
  <testcase name="invalidPassword" time="8.131" classname="com.syntax.tests.LoginTest"/>
  <system-out/>
  <testcase name="emptyPassword" time="7.879" classname="com.syntax.tests.LoginTest"/>
  <system-out/>
</testsuite> <!-- com.syntax.tests.LoginTest -->
