<?xml version="1.0" encoding="UTF-8"?>
<!-- Generated by org.testng.reporters.JUnitReportReporter -->
<testsuite skipped="0" hostname="LAPTOP-TK96QQBN" name="com.syntax.tests.HRMLoginTest" tests="5" failures="0" timestamp="2020-09-04T00:28:45 EDT" time="86.965" errors="0">
  <testcase name="loginTests" time="17.330" classname="com.syntax.tests.HRMLoginTest"/>
  <system-out/>
  <testcase name="loginTests" time="17.168" classname="com.syntax.tests.HRMLoginTest"/>
  <system-out/>
  <testcase name="loginTests" time="17.096" classname="com.syntax.tests.HRMLoginTest"/>
  <system-out/>
  <testcase name="loginTests" time="17.149" classname="com.syntax.tests.HRMLoginTest"/>
  <system-out/>
  <testcase name="loginTests" time="18.222" classname="com.syntax.tests.HRMLoginTest"/>
  <system-out/>
</testsuite> <!-- com.syntax.tests.HRMLoginTest -->
