<?xml version="1.0" encoding="UTF-8"?>
<!-- Generated by org.testng.reporters.JUnitReportReporter -->
<testsuite skipped="0" hostname="DESKTOP-S12839G" name="com.syntax.class11.HW" tests="1" failures="0" timestamp="2020-09-01T17:31:10 EDT" time="15.016" errors="0">
  <testcase name="form" time="15.016" classname="com.syntax.class11.HW"/>
  <system-out/>
</testsuite> <!-- com.syntax.class11.HW -->
