<?xml version="1.0" encoding="UTF-8"?>
<!-- Generated by org.testng.reporters.JUnitReportReporter -->
<testsuite skipped="0" hostname="LAPTOP-TK96QQBN" name="com.syntax.class11.TestNGtest" tests="1" failures="0" timestamp="2020-08-27T21:58:39 EDT" time="0.016" errors="0">
  <testcase name="hello" time="0.016" classname="com.syntax.class11.TestNGtest"/>
  <system-out/>
</testsuite> <!-- com.syntax.class11.TestNGtest -->
