<?xml version="1.0" encoding="UTF-8"?>
<!-- Generated by org.testng.reporters.JUnitReportReporter -->
<testsuite skipped="0" hostname="LAPTOP-TK96QQBN" name="com.syntax.tests.OrangeHRMLoginTest" tests="1" failures="0" timestamp="2020-09-02T21:43:38 EDT" time="10.979" errors="0">
  <testcase name="loginTest" time="10.979" classname="com.syntax.tests.OrangeHRMLoginTest"/>
  <system-out/>
</testsuite> <!-- com.syntax.tests.OrangeHRMLoginTest -->
